<?xml version="1.0" encoding="UTF-8"?>
<testsuite name="com.example.restapi.RestApplicationTests" tests="1" skipped="0" failures="0" errors="0" timestamp="2024-06-21T07:37:50" hostname="jongho-2.local" time="0.451">
  <properties/>
  <testcase name="contextLoads()" classname="com.example.restapi.RestApplicationTests" time="0.451"/>
  <system-out><![CDATA[16:37:49.401 [Test worker] INFO org.springframework.test.context.support.AnnotationConfigContextLoaderUtils -- Could not detect default configuration classes for test class [com.example.restapi.RestApplicationTests]: RestApplicationTests does not declare any static, non-private, non-final, nested classes annotated with @Configuration.
16:37:49.441 [Test worker] INFO org.springframework.boot.test.context.SpringBootTestContextBootstrapper -- Found @SpringBootConfiguration com.example.restapi.RestApplication for test class com.example.restapi.RestApplicationTests
  .   ____          _            __ _ _
 /\\ / ___'_ __ _ _(_)_ __  __ _ \ \ \ \
( ( )\___ | '_ | '_| | '_ \/ _` | \ \ \ \
 \\/  ___)| |_)| | | | | || (_| |  ) ) ) )
  '  |____| .__|_| |_|_| |_\__, | / / / /
 =========|_|==============|___/=/_/_/_/

 :: Spring Boot ::                (v3.3.0)

2024-06-21T16:37:49.627+09:00  INFO 6239 --- [rest] [    Test worker] c.example.restapi.RestApplicationTests   : Starting RestApplicationTests using Java 22.0.1 with PID 6239 (started by shinjongho in /Users/shinjongho/Desktop/JAVA_projects/rest)
2024-06-21T16:37:49.628+09:00  INFO 6239 --- [rest] [    Test worker] c.example.restapi.RestApplicationTests   : No active profile set, falling back to 1 default profile: "default"
2024-06-21T16:37:49.912+09:00  WARN 6239 --- [rest] [    Test worker] trationDelegate$BeanPostProcessorChecker : Bean 'org.springframework.ws.config.annotation.DelegatingWsConfiguration' of type [org.springframework.ws.config.annotation.DelegatingWsConfiguration$$SpringCGLIB$$0] is not eligible for getting processed by all BeanPostProcessors (for example: not eligible for auto-proxying). The currently created BeanPostProcessor [annotationActionEndpointMapping] is declared through a non-static factory method on that class; consider declaring it as static instead.
2024-06-21T16:37:49.925+09:00  INFO 6239 --- [rest] [    Test worker] .w.s.a.s.AnnotationActionEndpointMapping : Supporting [WS-Addressing August 2004, WS-Addressing 1.0]
2024-06-21T16:37:50.126+09:00  INFO 6239 --- [rest] [    Test worker] c.example.restapi.RestApplicationTests   : Started RestApplicationTests in 0.625 seconds (process running for 1.101)
json = {"user_name":"홍길동","user_age":20,"email":"sjh0804_22@naver.com","is_korean":true}
dto = UserRequest(userName=홍길동, userAge=20, email=sjh0804_22@naver.com, isKorean=true)
]]></system-out>
  <system-err><![CDATA[WARNING: A Java agent has been loaded dynamically (/Users/shinjongho/.gradle/caches/modules-2/files-2.1/net.bytebuddy/byte-buddy-agent/1.14.16/4a451ee6484abac3a498df0f3b33ed00a6fced4d/byte-buddy-agent-1.14.16.jar)
WARNING: If a serviceability tool is in use, please run with -XX:+EnableDynamicAgentLoading to hide this warning
WARNING: If a serviceability tool is not in use, please run with -Djdk.instrument.traceUsage for more information
WARNING: Dynamic loading of agents will be disallowed by default in a future release
]]></system-err>
</testsuite>
